# JRE version: OpenJDK Runtime Environment (17.0.6) (build 17.0.6+0-b2043.56-9586694)
# Java VM: OpenJDK 64-Bit Server VM (17.0.6+0-b2043.56-9586694, mixed mode, tiered, compressed oops, compressed class ptrs, g1 gc, windows-amd64)
GC Precious Log:
 CPUs: 4 total, 4 available
 Memory: 3930M
 Large Page Support: Disabled
 NUMA Support: Disabled
 Compressed Oops: Enabled (32-bit)
 Heap Region Size: 1M
 Heap Min Capacity: 8M
 Heap Initial Capacity: 62M
 Heap Max Capacity: 2G
 Pre-touch: Disabled
 Parallel Workers: 4
 Concurrent Workers: 1
 Concurrent Refinement Workers: 4
 Periodic GC: Disabled
Heap:
 garbage-first heap   total 208896K, used 119778K [0x0000000080000000, 0x0000000100000000)
  region size 1024K, 37 young (37888K), 12 survivors (12288K)
 Metaspace       used 102505K, committed 103232K, reserved 1138688K
  class space    used 13806K, committed 14144K, reserved 1048576K
GC Heap History (20 events):
Event: 11.233 GC heap before
{Heap before GC invocations=26 (full 0):
 garbage-first heap   total 81920K, used 68549K [0x0000000080000000, 0x0000000100000000)
  region size 1024K, 21 young (21504K), 4 survivors (4096K)
 Metaspace       used 60033K, committed 60480K, reserved 1105920K
  class space    used 7881K, committed 8064K, reserved 1048576K
}
Event: 11.238 GC heap after
{Heap after GC invocations=27 (full 0):
 garbage-first heap   total 81920K, used 57710K [0x0000000080000000, 0x0000000100000000)
  region size 1024K, 3 young (3072K), 3 survivors (3072K)
 Metaspace       used 60033K, committed 60480K, reserved 1105920K
  class space    used 7881K, committed 8064K, reserved 1048576K
}
Event: 11.252 GC heap before
{Heap before GC invocations=27 (full 0):
 garbage-first heap   total 81920K, used 58734K [0x0000000080000000, 0x0000000100000000)
  region size 1024K, 4 young (4096K), 3 survivors (3072K)
 Metaspace       used 60145K, committed 60608K, reserved 1105920K
  class space    used 7902K, committed 8128K, reserved 1048576K
}
Event: 11.256 GC heap after
{Heap after GC invocations=28 (full 0):
 garbage-first heap   total 81920K, used 57590K [0x0000000080000000, 0x0000000100000000)
  region size 1024K, 1 young (1024K), 1 survivors (1024K)
 Metaspace       used 60145K, committed 60608K, reserved 1105920K
  class space    used 7902K, committed 8128K, reserved 1048576K
}
Event: 11.427 GC heap before
{Heap before GC invocations=28 (full 0):
 garbage-first heap   total 81920K, used 67830K [0x0000000080000000, 0x0000000100000000)
  region size 1024K, 11 young (11264K), 1 survivors (1024K)
 Metaspace       used 61472K, committed 61952K, reserved 1105920K
  class space    used 8099K, committed 8320K, reserved 1048576K
}
Event: 11.430 GC heap after
{Heap after GC invocations=29 (full 0):
 garbage-first heap   total 81920K, used 57678K [0x0000000080000000, 0x0000000100000000)
  region size 1024K, 1 young (1024K), 1 survivors (1024K)
 Metaspace       used 61472K, committed 61952K, reserved 1105920K
  class space    used 8099K, committed 8320K, reserved 1048576K
}
Event: 11.669 GC heap before
{Heap before GC invocations=30 (full 0):
 garbage-first heap   total 104448K, used 67918K [0x0000000080000000, 0x0000000100000000)
  region size 1024K, 11 young (11264K), 1 survivors (1024K)
 Metaspace       used 63115K, committed 63616K, reserved 1105920K
  class space    used 8292K, committed 8512K, reserved 1048576K
}
Event: 11.674 GC heap after
{Heap after GC invocations=31 (full 0):
 garbage-first heap   total 104448K, used 58105K [0x0000000080000000, 0x0000000100000000)
  region size 1024K, 1 young (1024K), 1 survivors (1024K)
 Metaspace       used 63115K, committed 63616K, reserved 1105920K
  class space    used 8292K, committed 8512K, reserved 1048576K
}
Event: 11.742 GC heap before
{Heap before GC invocations=31 (full 0):
 garbage-first heap   total 104448K, used 62201K [0x0000000080000000, 0x0000000100000000)
  region size 1024K, 5 young (5120K), 1 survivors (1024K)
 Metaspace       used 63845K, committed 64320K, reserved 1105920K
  class space    used 8381K, committed 8576K, reserved 1048576K
}
Event: 11.747 GC heap after
{Heap after GC invocations=32 (full 0):
 garbage-first heap   total 208896K, used 57896K [0x0000000080000000, 0x0000000100000000)
  region size 1024K, 1 young (1024K), 1 survivors (1024K)
 Metaspace       used 63845K, committed 64320K, reserved 1105920K
  class space    used 8381K, committed 8576K, reserved 1048576K
}
Event: 13.517 GC heap before
{Heap before GC invocations=32 (full 0):
 garbage-first heap   total 208896K, used 150056K [0x0000000080000000, 0x0000000100000000)
  region size 1024K, 85 young (87040K), 1 survivors (1024K)
 Metaspace       used 73110K, committed 73600K, reserved 1114112K
  class space    used 9586K, committed 9792K, reserved 1048576K
}
Event: 13.537 GC heap after
{Heap after GC invocations=33 (full 0):
 garbage-first heap   total 208896K, used 65004K [0x0000000080000000, 0x0000000100000000)
  region size 1024K, 8 young (8192K), 8 survivors (8192K)
 Metaspace       used 73110K, committed 73600K, reserved 1114112K
  class space    used 9586K, committed 9792K, reserved 1048576K
}
Event: 15.661 GC heap before
{Heap before GC invocations=33 (full 0):
 garbage-first heap   total 208896K, used 155116K [0x0000000080000000, 0x0000000100000000)
  region size 1024K, 95 young (97280K), 8 survivors (8192K)
 Metaspace       used 79482K, committed 80064K, reserved 1122304K
  class space    used 10429K, committed 10688K, reserved 1048576K
}
Event: 15.689 GC heap after
{Heap after GC invocations=34 (full 0):
 garbage-first heap   total 208896K, used 71573K [0x0000000080000000, 0x0000000100000000)
  region size 1024K, 7 young (7168K), 7 survivors (7168K)
 Metaspace       used 79482K, committed 80064K, reserved 1122304K
  class space    used 10429K, committed 10688K, reserved 1048576K
}
Event: 17.732 GC heap before
{Heap before GC invocations=34 (full 0):
 garbage-first heap   total 208896K, used 157589K [0x0000000080000000, 0x0000000100000000)
  region size 1024K, 91 young (93184K), 7 survivors (7168K)
 Metaspace       used 89748K, committed 90368K, reserved 1130496K
  class space    used 12058K, committed 12352K, reserved 1048576K
}
Event: 17.750 GC heap after
{Heap after GC invocations=35 (full 0):
 garbage-first heap   total 208896K, used 76121K [0x0000000080000000, 0x0000000100000000)
  region size 1024K, 11 young (11264K), 11 survivors (11264K)
 Metaspace       used 89748K, committed 90368K, reserved 1130496K
  class space    used 12058K, committed 12352K, reserved 1048576K
}
Event: 19.621 GC heap before
{Heap before GC invocations=35 (full 0):
 garbage-first heap   total 208896K, used 163161K [0x0000000080000000, 0x0000000100000000)
  region size 1024K, 96 young (98304K), 11 survivors (11264K)
 Metaspace       used 98351K, committed 98944K, reserved 1138688K
  class space    used 13293K, committed 13568K, reserved 1048576K
}
Event: 19.671 GC heap after
{Heap after GC invocations=36 (full 0):
 garbage-first heap   total 208896K, used 83499K [0x0000000080000000, 0x0000000100000000)
  region size 1024K, 12 young (12288K), 12 survivors (12288K)
 Metaspace       used 98351K, committed 98944K, reserved 1138688K
  class space    used 13293K, committed 13568K, reserved 1048576K
}
Event: 21.534 GC heap before
{Heap before GC invocations=36 (full 0):
 garbage-first heap   total 208896K, used 164395K [0x0000000080000000, 0x0000000100000000)
  region size 1024K, 92 young (94208K), 12 survivors (12288K)
 Metaspace       used 102181K, committed 102848K, reserved 1138688K
  class space    used 13766K, committed 14080K, reserved 1048576K
}
Event: 21.641 GC heap after
{Heap after GC invocations=37 (full 0):
 garbage-first heap   total 208896K, used 96226K [0x0000000080000000, 0x0000000100000000)
  region size 1024K, 12 young (12288K), 12 survivors (12288K)
 Metaspace       used 102181K, committed 102848K, reserved 1138688K
  class space    used 13766K, committed 14080K, reserved 1048576K
}

