# JRE version: OpenJDK Runtime Environment (17.0.6) (build 17.0.6+0-b2043.56-9586694)
# Java VM: OpenJDK 64-Bit Server VM (17.0.6+0-b2043.56-9586694, mixed mode, tiered, compressed oops, compressed class ptrs, g1 gc, windows-amd64)
GC Precious Log:
 CPUs: 4 total, 4 available
 Memory: 3930M
 Large Page Support: Disabled
 NUMA Support: Disabled
 Compressed Oops: Enabled (32-bit)
 Heap Region Size: 1M
 Heap Min Capacity: 8M
 Heap Initial Capacity: 62M
 Heap Max Capacity: 2G
 Pre-touch: Disabled
 Parallel Workers: 4
 Concurrent Workers: 1
 Concurrent Refinement Workers: 4
 Periodic GC: Disabled
Heap:
 garbage-first heap   total 240640K, used 113423K [0x0000000080000000, 0x0000000100000000)
  region size 1024K, 10 young (10240K), 10 survivors (10240K)
 Metaspace       used 97756K, committed 98432K, reserved 1138688K
  class space    used 13150K, committed 13440K, reserved 1048576K
GC Heap History (20 events):
Event: 14.920 GC heap after
{Heap after GC invocations=29 (full 0):
 garbage-first heap   total 101376K, used 58090K [0x0000000080000000, 0x0000000100000000)
  region size 1024K, 2 young (2048K), 2 survivors (2048K)
 Metaspace       used 60159K, committed 60672K, reserved 1105920K
  class space    used 7896K, committed 8128K, reserved 1048576K
}
Event: 15.859 GC heap before
{Heap before GC invocations=30 (full 0):
 garbage-first heap   total 106496K, used 77546K [0x0000000080000000, 0x0000000100000000)
  region size 1024K, 20 young (20480K), 2 survivors (2048K)
 Metaspace       used 64024K, committed 64576K, reserved 1105920K
  class space    used 8407K, committed 8640K, reserved 1048576K
}
Event: 15.864 GC heap after
{Heap after GC invocations=31 (full 0):
 garbage-first heap   total 106496K, used 60761K [0x0000000080000000, 0x0000000100000000)
  region size 1024K, 3 young (3072K), 3 survivors (3072K)
 Metaspace       used 64024K, committed 64576K, reserved 1105920K
  class space    used 8407K, committed 8640K, reserved 1048576K
}
Event: 15.871 GC heap before
{Heap before GC invocations=31 (full 0):
 garbage-first heap   total 106496K, used 62809K [0x0000000080000000, 0x0000000100000000)
  region size 1024K, 5 young (5120K), 3 survivors (3072K)
 Metaspace       used 64024K, committed 64576K, reserved 1105920K
  class space    used 8407K, committed 8640K, reserved 1048576K
}
Event: 15.881 GC heap after
{Heap after GC invocations=32 (full 0):
 garbage-first heap   total 106496K, used 61422K [0x0000000080000000, 0x0000000100000000)
  region size 1024K, 1 young (1024K), 1 survivors (1024K)
 Metaspace       used 64024K, committed 64576K, reserved 1105920K
  class space    used 8407K, committed 8640K, reserved 1048576K
}
Event: 16.424 GC heap before
{Heap before GC invocations=32 (full 0):
 garbage-first heap   total 106496K, used 87022K [0x0000000080000000, 0x0000000100000000)
  region size 1024K, 21 young (21504K), 1 survivors (1024K)
 Metaspace       used 65523K, committed 66048K, reserved 1114112K
  class space    used 8588K, committed 8832K, reserved 1048576K
}
Event: 16.429 GC heap after
{Heap after GC invocations=33 (full 0):
 garbage-first heap   total 240640K, used 66076K [0x0000000080000000, 0x0000000100000000)
  region size 1024K, 3 young (3072K), 3 survivors (3072K)
 Metaspace       used 65523K, committed 66048K, reserved 1114112K
  class space    used 8588K, committed 8832K, reserved 1048576K
}
Event: 17.851 GC heap before
{Heap before GC invocations=34 (full 0):
 garbage-first heap   total 232448K, used 162332K [0x0000000080000000, 0x0000000100000000)
  region size 1024K, 98 young (100352K), 3 survivors (3072K)
 Metaspace       used 72107K, committed 72576K, reserved 1114112K
  class space    used 9459K, committed 9664K, reserved 1048576K
}
Event: 17.880 GC heap after
{Heap after GC invocations=35 (full 0):
 garbage-first heap   total 232448K, used 68920K [0x0000000080000000, 0x0000000100000000)
  region size 1024K, 10 young (10240K), 10 survivors (10240K)
 Metaspace       used 72107K, committed 72576K, reserved 1114112K
  class space    used 9459K, committed 9664K, reserved 1048576K
}
Event: 17.885 GC heap before
{Heap before GC invocations=35 (full 0):
 garbage-first heap   total 232448K, used 69944K [0x0000000080000000, 0x0000000100000000)
  region size 1024K, 11 young (11264K), 10 survivors (10240K)
 Metaspace       used 72107K, committed 72576K, reserved 1114112K
  class space    used 9459K, committed 9664K, reserved 1048576K
}
Event: 17.928 GC heap after
{Heap after GC invocations=36 (full 0):
 garbage-first heap   total 232448K, used 69617K [0x0000000080000000, 0x0000000100000000)
  region size 1024K, 2 young (2048K), 2 survivors (2048K)
 Metaspace       used 72107K, committed 72576K, reserved 1114112K
  class space    used 9459K, committed 9664K, reserved 1048576K
}
Event: 19.827 GC heap before
{Heap before GC invocations=36 (full 0):
 garbage-first heap   total 232448K, used 172017K [0x0000000080000000, 0x0000000100000000)
  region size 1024K, 102 young (104448K), 2 survivors (2048K)
 Metaspace       used 84132K, committed 84672K, reserved 1122304K
  class space    used 11334K, committed 11584K, reserved 1048576K
}
Event: 19.837 GC heap after
{Heap after GC invocations=37 (full 0):
 garbage-first heap   total 232448K, used 75214K [0x0000000080000000, 0x0000000100000000)
  region size 1024K, 7 young (7168K), 7 survivors (7168K)
 Metaspace       used 84132K, committed 84672K, reserved 1122304K
  class space    used 11334K, committed 11584K, reserved 1048576K
}
Event: 21.994 GC heap before
{Heap before GC invocations=37 (full 0):
 garbage-first heap   total 232448K, used 176590K [0x0000000080000000, 0x0000000100000000)
  region size 1024K, 106 young (108544K), 7 survivors (7168K)
 Metaspace       used 92774K, committed 93440K, reserved 1130496K
  class space    used 12567K, committed 12864K, reserved 1048576K
}
Event: 22.025 GC heap after
{Heap after GC invocations=38 (full 0):
 garbage-first heap   total 232448K, used 84637K [0x0000000080000000, 0x0000000100000000)
  region size 1024K, 14 young (14336K), 14 survivors (14336K)
 Metaspace       used 92774K, committed 93440K, reserved 1130496K
  class space    used 12567K, committed 12864K, reserved 1048576K
}
Event: 24.262 GC heap before
{Heap before GC invocations=38 (full 0):
 garbage-first heap   total 232448K, used 180893K [0x0000000080000000, 0x0000000100000000)
  region size 1024K, 109 young (111616K), 14 survivors (14336K)
 Metaspace       used 96802K, committed 97536K, reserved 1138688K
  class space    used 13099K, committed 13440K, reserved 1048576K
}
Event: 24.315 GC heap after
{Heap after GC invocations=39 (full 0):
 garbage-first heap   total 232448K, used 99404K [0x0000000080000000, 0x0000000100000000)
  region size 1024K, 14 young (14336K), 14 survivors (14336K)
 Metaspace       used 96802K, committed 97536K, reserved 1138688K
  class space    used 13099K, committed 13440K, reserved 1048576K
}
Event: 25.643 GC heap before
{Heap before GC invocations=39 (full 0):
 garbage-first heap   total 232448K, used 179276K [0x0000000080000000, 0x0000000100000000)
  region size 1024K, 93 young (95232K), 14 survivors (14336K)
 Metaspace       used 97144K, committed 97856K, reserved 1138688K
  class space    used 13100K, committed 13440K, reserved 1048576K
}
Event: 25.679 GC heap after
{Heap after GC invocations=40 (full 0):
 garbage-first heap   total 232448K, used 105454K [0x0000000080000000, 0x0000000100000000)
  region size 1024K, 7 young (7168K), 7 survivors (7168K)
 Metaspace       used 97144K, committed 97856K, reserved 1138688K
  class space    used 13100K, committed 13440K, reserved 1048576K
}
Event: 27.690 GC heap before
{Heap before GC invocations=40 (full 0):
 garbage-first heap   total 232448K, used 186350K [0x0000000080000000, 0x0000000100000000)
  region size 1024K, 84 young (86016K), 7 survivors (7168K)
 Metaspace       used 97756K, committed 98432K, reserved 1138688K
  class space    used 13150K, committed 13440K, reserved 1048576K
}

