# JRE version: OpenJDK Runtime Environment (17.0.6) (build 17.0.6+0-b2043.56-9586694)
# Java VM: OpenJDK 64-Bit Server VM (17.0.6+0-b2043.56-9586694, mixed mode, tiered, compressed oops, compressed class ptrs, g1 gc, windows-amd64)
GC Precious Log:
 CPUs: 4 total, 4 available
 Memory: 3930M
 Large Page Support: Disabled
 NUMA Support: Disabled
 Compressed Oops: Enabled (32-bit)
 Heap Region Size: 1M
 Heap Min Capacity: 8M
 Heap Initial Capacity: 62M
 Heap Max Capacity: 2G
 Pre-touch: Disabled
 Parallel Workers: 4
 Concurrent Workers: 1
 Concurrent Refinement Workers: 4
 Periodic GC: Disabled
Heap:
 garbage-first heap   total 463872K, used 171754K [0x0000000080000000, 0x0000000100000000)
  region size 1024K, 37 young (37888K), 3 survivors (3072K)
 Metaspace       used 115037K, committed 115840K, reserved 1155072K
  class space    used 15063K, committed 15488K, reserved 1048576K
GC Heap History (20 events):
Event: 27.159 GC heap before
{Heap before GC invocations=53 (full 0):
 garbage-first heap   total 164864K, used 130301K [0x0000000080000000, 0x0000000100000000)
  region size 1024K, 54 young (55296K), 5 survivors (5120K)
 Metaspace       used 93009K, committed 93632K, reserved 1130496K
  class space    used 12578K, committed 12864K, reserved 1048576K
}
Event: 27.186 GC heap after
{Heap after GC invocations=54 (full 0):
 garbage-first heap   total 164864K, used 88588K [0x0000000080000000, 0x0000000100000000)
  region size 1024K, 7 young (7168K), 7 survivors (7168K)
 Metaspace       used 93009K, committed 93632K, reserved 1130496K
  class space    used 12578K, committed 12864K, reserved 1048576K
}
Event: 27.194 GC heap before
{Heap before GC invocations=54 (full 0):
 garbage-first heap   total 164864K, used 89612K [0x0000000080000000, 0x0000000100000000)
  region size 1024K, 8 young (8192K), 7 survivors (7168K)
 Metaspace       used 93042K, committed 93632K, reserved 1130496K
  class space    used 12581K, committed 12864K, reserved 1048576K
}
Event: 27.220 GC heap after
{Heap after GC invocations=55 (full 0):
 garbage-first heap   total 164864K, used 90049K [0x0000000080000000, 0x0000000100000000)
  region size 1024K, 1 young (1024K), 1 survivors (1024K)
 Metaspace       used 93042K, committed 93632K, reserved 1130496K
  class space    used 12581K, committed 12864K, reserved 1048576K
}
Event: 29.323 GC heap before
{Heap before GC invocations=55 (full 0):
 garbage-first heap   total 164864K, used 133057K [0x0000000080000000, 0x0000000100000000)
  region size 1024K, 43 young (44032K), 1 survivors (1024K)
 Metaspace       used 96527K, committed 97216K, reserved 1138688K
  class space    used 13033K, committed 13376K, reserved 1048576K
}
Event: 29.339 GC heap after
{Heap after GC invocations=56 (full 0):
 garbage-first heap   total 164864K, used 95227K [0x0000000080000000, 0x0000000100000000)
  region size 1024K, 6 young (6144K), 6 survivors (6144K)
 Metaspace       used 96527K, committed 97216K, reserved 1138688K
  class space    used 13033K, committed 13376K, reserved 1048576K
}
Event: 30.059 GC heap before
{Heap before GC invocations=57 (full 0):
 garbage-first heap   total 174080K, used 132091K [0x0000000080000000, 0x0000000100000000)
  region size 1024K, 43 young (44032K), 6 survivors (6144K)
 Metaspace       used 96775K, committed 97472K, reserved 1138688K
  class space    used 13073K, committed 13376K, reserved 1048576K
}
Event: 30.085 GC heap after
{Heap after GC invocations=58 (full 0):
 garbage-first heap   total 174080K, used 100293K [0x0000000080000000, 0x0000000100000000)
  region size 1024K, 5 young (5120K), 5 survivors (5120K)
 Metaspace       used 96775K, committed 97472K, reserved 1138688K
  class space    used 13073K, committed 13376K, reserved 1048576K
}
Event: 30.147 GC heap before
{Heap before GC invocations=58 (full 0):
 garbage-first heap   total 174080K, used 103365K [0x0000000080000000, 0x0000000100000000)
  region size 1024K, 8 young (8192K), 5 survivors (5120K)
 Metaspace       used 96775K, committed 97472K, reserved 1138688K
  class space    used 13073K, committed 13376K, reserved 1048576K
}
Event: 30.158 GC heap after
{Heap after GC invocations=59 (full 0):
 garbage-first heap   total 463872K, used 99812K [0x0000000080000000, 0x0000000100000000)
  region size 1024K, 1 young (1024K), 1 survivors (1024K)
 Metaspace       used 96775K, committed 97472K, reserved 1138688K
  class space    used 13073K, committed 13376K, reserved 1048576K
}
Event: 38.721 GC heap before
{Heap before GC invocations=59 (full 0):
 garbage-first heap   total 463872K, used 387556K [0x0000000080000000, 0x0000000100000000)
  region size 1024K, 245 young (250880K), 1 survivors (1024K)
 Metaspace       used 103323K, committed 104000K, reserved 1138688K
  class space    used 13808K, committed 14144K, reserved 1048576K
}
Event: 38.922 GC heap after
{Heap after GC invocations=60 (full 0):
 garbage-first heap   total 463872K, used 113299K [0x0000000080000000, 0x0000000100000000)
  region size 1024K, 15 young (15360K), 15 survivors (15360K)
 Metaspace       used 103323K, committed 104000K, reserved 1138688K
  class space    used 13808K, committed 14144K, reserved 1048576K
}
Event: 56.846 GC heap before
{Heap before GC invocations=60 (full 0):
 garbage-first heap   total 463872K, used 353939K [0x0000000080000000, 0x0000000100000000)
  region size 1024K, 249 young (254976K), 15 survivors (15360K)
 Metaspace       used 105207K, committed 105920K, reserved 1146880K
  class space    used 14014K, committed 14400K, reserved 1048576K
}
Event: 57.395 GC heap after
{Heap after GC invocations=61 (full 0):
 garbage-first heap   total 463872K, used 128484K [0x0000000080000000, 0x0000000100000000)
  region size 1024K, 29 young (29696K), 29 survivors (29696K)
 Metaspace       used 105207K, committed 105920K, reserved 1146880K
  class space    used 14014K, committed 14400K, reserved 1048576K
}
Event: 59.235 GC heap before
{Heap before GC invocations=61 (full 0):
 garbage-first heap   total 463872K, used 158180K [0x0000000080000000, 0x0000000100000000)
  region size 1024K, 59 young (60416K), 29 survivors (29696K)
 Metaspace       used 105733K, committed 106432K, reserved 1146880K
  class space    used 14069K, committed 14400K, reserved 1048576K
}
Event: 59.374 GC heap after
{Heap after GC invocations=62 (full 0):
 garbage-first heap   total 463872K, used 129912K [0x0000000080000000, 0x0000000100000000)
  region size 1024K, 4 young (4096K), 4 survivors (4096K)
 Metaspace       used 105733K, committed 106432K, reserved 1146880K
  class space    used 14069K, committed 14400K, reserved 1048576K
}
Event: 103.147 GC heap before
{Heap before GC invocations=62 (full 0):
 garbage-first heap   total 463872K, used 286584K [0x0000000080000000, 0x0000000100000000)
  region size 1024K, 158 young (161792K), 4 survivors (4096K)
 Metaspace       used 114691K, committed 115456K, reserved 1155072K
  class space    used 15053K, committed 15424K, reserved 1048576K
}
Event: 103.632 GC heap after
{Heap after GC invocations=63 (full 0):
 garbage-first heap   total 463872K, used 135544K [0x0000000080000000, 0x0000000100000000)
  region size 1024K, 9 young (9216K), 9 survivors (9216K)
 Metaspace       used 114691K, committed 115456K, reserved 1155072K
  class space    used 15053K, committed 15424K, reserved 1048576K
}
Event: 105.358 GC heap before
{Heap before GC invocations=63 (full 0):
 garbage-first heap   total 463872K, used 147832K [0x0000000080000000, 0x0000000100000000)
  region size 1024K, 22 young (22528K), 9 survivors (9216K)
 Metaspace       used 114884K, committed 115648K, reserved 1155072K
  class space    used 15055K, committed 15424K, reserved 1048576K
}
Event: 105.408 GC heap after
{Heap after GC invocations=64 (full 0):
 garbage-first heap   total 463872K, used 138986K [0x0000000080000000, 0x0000000100000000)
  region size 1024K, 3 young (3072K), 3 survivors (3072K)
 Metaspace       used 114884K, committed 115648K, reserved 1155072K
  class space    used 15055K, committed 15424K, reserved 1048576K
}

